d:\projects\production_planning_proj\production_model_dll\debug\environement_dll.pch
d:\projects\production_planning_proj\production_model_dll\debug\vc142.pdb
d:\projects\production_planning_proj\production_model_dll\debug\vc142.idb
d:\projects\production_planning_proj\production_model_dll\debug\batch.obj
d:\projects\production_planning_proj\production_model_dll\debug\dllmain.obj
d:\projects\production_planning_proj\production_model_dll\debug\environment.obj
d:\projects\production_planning_proj\production_model_dll\debug\event.obj
d:\projects\production_planning_proj\production_model_dll\debug\interface.obj
d:\projects\production_planning_proj\production_model_dll\debug\machine.obj
d:\projects\production_planning_proj\production_model_dll\debug\pch.obj
d:\projects\production_planning_proj\production_model_dll\debug\recipe.obj
d:\projects\production_planning_proj\debug\environement_dll.lib
d:\projects\production_planning_proj\debug\environement_dll.exp
d:\projects\production_planning_proj\production_model_dll\debug\vcpkg.applocal.log
d:\projects\production_planning_proj\debug\environement_dll.ilk
d:\projects\production_planning_proj\debug\environement_dll.dll
d:\projects\production_planning_proj\debug\environement_dll.pdb
d:\projects\production_planning_proj\production_model_dll\debug\environement_dll.tlog\cl.command.1.tlog
d:\projects\production_planning_proj\production_model_dll\debug\environement_dll.tlog\cl.read.1.tlog
d:\projects\production_planning_proj\production_model_dll\debug\environement_dll.tlog\cl.write.1.tlog
d:\projects\production_planning_proj\production_model_dll\debug\environement_dll.tlog\environement_dll.write.1u.tlog
d:\projects\production_planning_proj\production_model_dll\debug\environement_dll.tlog\link.command.1.tlog
d:\projects\production_planning_proj\production_model_dll\debug\environement_dll.tlog\link.read.1.tlog
d:\projects\production_planning_proj\production_model_dll\debug\environement_dll.tlog\link.write.1.tlog
